<?xml version="1.0" encoding="UTF-8"?>
<testng-results ignored="0" total="1" passed="1" failed="0" skipped="0">
  <reporter-output>
  </reporter-output>
  <suite started-at="2022-10-15T19:08:56 IST" name="Default suite" finished-at="2022-10-15T19:09:08 IST" duration-ms="12302">
    <groups>
    </groups>
    <test started-at="2022-10-15T19:08:56 IST" name="Default test" finished-at="2022-10-15T19:09:08 IST" duration-ms="12302">
      <class name="Selenium.ExtentReports.ExtentReportsDemo">
        <test-method is-config="true" signature="extentReport()[pri:0, instance:Selenium.ExtentReports.ExtentReportsDemo@66f57048]" started-at="2022-10-15T19:08:56 IST" name="extentReport" finished-at="2022-10-15T19:08:57 IST" duration-ms="955" status="PASS">
          <reporter-output>
          </reporter-output>
        </test-method> <!-- extentReport -->
        <test-method signature="intializeDemo()[pri:0, instance:Selenium.ExtentReports.ExtentReportsDemo@66f57048]" started-at="2022-10-15T19:08:57 IST" name="intializeDemo" finished-at="2022-10-15T19:09:08 IST" duration-ms="11235" status="PASS">
          <reporter-output>
          </reporter-output>
        </test-method> <!-- intializeDemo -->
      </class> <!-- Selenium.ExtentReports.ExtentReportsDemo -->
    </test> <!-- Default test -->
  </suite> <!-- Default suite -->
</testng-results>
